Starting migrations...
======================
> Network name:    'ropsten'
> Network id:      3
> Block gas limit: 8000000 (0x7a1200)


2_deploy_contracts.js
=====================

   Deploying 'Verifier'
   --------------------
   > transaction hash:    0x232d5fd152eaa9f8e216d169c9521fe06994c898d0ec8ff3a6af8c7314e2c614
   > Blocks: 2            Seconds: 32
   > contract address:    0x1D0E2281faB2db187B4B4e025f3568dF76a942E1
   > block number:        11780613
   > block timestamp:     1641706597
   > account:             0x098EdfFA5Adac9acCB66a6c110C4E3633C494A04
   > balance:             0.559394225037505553
   > gas used:            979356 (0xef19c)
   > gas price:           1.467993432 gwei
   > value sent:          0 ETH
   > total cost:          0.001437688175589792 ETH


   Deploying 'SolnSquareVerifier'
   ------------------------------
   > transaction hash:    0x6fb8f452b3c87d20a49cea5199b936f4b9a17b80b4079d8b36adb9c2a22e5828
   > Blocks: 4            Seconds: 60
   > contract address:    0xe5001F83556a1E93B7C5d38f576115e83B8D8362
   > block number:        11780617
   > block timestamp:     1641706640
   > account:             0x098EdfFA5Adac9acCB66a6c110C4E3633C494A04
   > balance:             0.554082048584897273
   > gas used:            3618665 (0x373769)
   > gas price:           1.467993432 gwei
   > value sent:          0 ETH
   > total cost:          0.00531217645260828 ETH


   > Saving migration to chain.
   > Saving artifacts
   -------------------------------------
   > Total cost:     0.006749864628198072 ETH


Summary
=======
> Total deployments:   2
> Final cost:          0.006749864628198072 ETH

mint.js Results

Address Minted. Transaction: 0xcd3af64e5c972be274be8172defbd3c2e41ac8397f15b74e6aae01899f229fb4
Address Minted. Transaction: 0x1f21e759227eee59075f460ea0c14a40969cb500681f68eebd85f79583dadc8e
Address Minted. Transaction: 0x2e101c405f25cc16e1c97398bae5ae940022a8ea0b0f9cb8796023a0a9092eec
Address Minted. Transaction: 0x25d777473a80c235785a27d357398c90f6cf6a3ffbd3f63710c803d19d120aaf
Address Minted. Transaction: 0x3ea6ffe83cd16e87d0cf9a391830461af76955098c849539e91bd6051c3fc374
Address Minted. Transaction: 0xde70f9c440671bd3852f04c166852b6208c270041233d60a16a0a19e48a6b3c8
Address Minted. Transaction: 0xd546404ce94e1cba307f2b5bf8a3206a79d285049ffdfe178d0ce15a4adea796
Address Minted. Transaction: 0xf7ab4522cdbd8c86c4fcc43d1cd55bb95c0cfa1377149e1ccd01347eec0dc04c
Address Minted. Transaction: 0x8c10468884f97f8f00ecc755323df295683598d9a737c7caf819b8d3f5f38580
Address Minted. Transaction: 0x5ae48d1ee3d97e0ccae82555978986323b8f9bce24cb9d7e32744db41e14f8fd