Compiling your contracts...
===========================
> Everything is up to date, there is nothing to compile.



Starting migrations...
======================
> Network name:    'rinkeby'
> Network id:      4
> Block gas limit: 29970705 (0x1c95111)


1_initial_migration.js
======================

   Deploying 'Migrations'
   ----------------------
   > transaction hash:    0x6ba4abdf0eec019a42c8e495d58f0c66b1d5ad6ee7217b166aaafa38a6d5cf5f
   > Blocks: 0            Seconds: 12
   > contract address:    0x83d25F316aE92597FfD49Fb40E581237266A39B9
   > block number:        9964076
   > block timestamp:     1641773874
   > account:             0x098EdfFA5Adac9acCB66a6c110C4E3633C494A04
   > balance:             20.054191469
   > gas used:            226537 (0x374e9)
   > gas price:           10 gwei
   > value sent:          0 ETH
   > total cost:          0.00226537 ETH


   > Saving migration to chain.
   > Saving artifacts
   -------------------------------------
   > Total cost:          0.00226537 ETH


2_deploy_contracts.js
=====================

   Deploying 'Verifier'
   --------------------
   > transaction hash:    0x218f411dc4b6c5cb1fdce9af5b0ff79017de657ed734da0083aaf6de1089fccf
   > Blocks: 1            Seconds: 12
   > contract address:    0xdA3BA15c09cddb4d8Fa781C7F079A1EF82f71065
   > block number:        9964078
   > block timestamp:     1641773904
   > account:             0x098EdfFA5Adac9acCB66a6c110C4E3633C494A04
   > balance:             20.043940279
   > gas used:            979356 (0xef19c)
   > gas price:           10 gwei
   > value sent:          0 ETH
   > total cost:          0.00979356 ETH


   Deploying 'SolnSquareVerifier'
   ------------------------------
   > transaction hash:    0x78b6d9f07a75261056d48c4b490f1a9a3670f594cbba866289b7a7ffe9b3ffda
   > Blocks: 1            Seconds: 12
   > contract address:    0x1D0E2281faB2db187B4B4e025f3568dF76a942E1
   > block number:        9964079
   > block timestamp:     1641773919
   > account:             0x098EdfFA5Adac9acCB66a6c110C4E3633C494A04
   > balance:             20.007753629
   > gas used:            3618665 (0x373769)
   > gas price:           10 gwei
   > value sent:          0 ETH
   > total cost:          0.03618665 ETH


   > Saving migration to chain.
   > Saving artifacts
   -------------------------------------
   > Total cost:          0.04598021 ETH


Summary
=======
> Total deployments:   3
> Final cost:          0.04824558 ETH

mint.js Results

Address Minted. Transaction: 0xc828f721531d818fa88c2a899f952e7abc753318c11d4b39858d3d41c135b890
Address Minted. Transaction: 0x4302bf5745217eaf9099cc177567c95f980599ea5bbcfb776ab088e9dd2ea0fa
Address Minted. Transaction: 0xbcf0d7b4c5fdbb36c8bf1708099379f01be3143fe6464637eb67d3799cb8fde3
Address Minted. Transaction: 0xbd81e01bd8f8e7530a23b6d41164e32745227481f4b35502237be9650d62f33f
Address Minted. Transaction: 0x7eebbc979ce623835fbb819bd608d5f4d85477505b04411cff06764079ada37c
Address Minted. Transaction: 0x7891b59db0e97092450d7c52e6b02a9201afdb35388bacf6aff47eeebafa8de6
Address Minted. Transaction: 0x76eaefb7f4a3a15cb950c01ae00b69f634d6f9ba8efadf6291b5c950adc78fdc
Address Minted. Transaction: 0x25d8ce2b707eb08614b57183d9272a6b387b076e639d5fb79ca056a59e59652e
Address Minted. Transaction: 0xb757f33493aee03196e0a609c0fd865f187dde9ef28ce5e30716d29da574d2d7
Address Minted. Transaction: 0x57a440ef266ca8c603fd583d742e0ab10033d15c81a5fa4fa5c4e71a6f093abd